<?xml version="1.0" encoding="UTF-8"?>
<testsuite name="com.github.cjm.service.TvShowServiceTest" time="0.994" tests="1" errors="1" skipped="0" failures="0">
  <properties>
[...]
</properties>
  <testcase name="testLoad" classname="com.github.cjm.service.TvShowServiceTest" time="0.994">
    <error message="401 Unauthorized" type="org.springframework.web.client.HttpClientErrorException">org.springframework.web.client.HttpClientErrorException: 401 Unauthorized
	at org.springframework.web.client.DefaultResponseErrorHandler.handleError(DefaultResponseErrorHandler.java:91)
	at org.springframework.web.client.RestTemplate.handleResponse(RestTemplate.java:614)
	at org.springframework.web.client.RestTemplate.doExecute(RestTemplate.java:570)
	at org.springframework.web.client.RestTemplate.execute(RestTemplate.java:530)
	at org.springframework.web.client.RestTemplate.getForObject(RestTemplate.java:237)
	at com.github.cjm.service.BaseService.load(BaseService.java:41)
	at com.github.cjm.service.TvShowServiceTest.testLoad(TvShowServiceTest.java:45)
</error>
    <system-out><![CDATA[10:37:25.447 [main] DEBUG o.s.web.client.RestTemplate - Created GET request for "http://api.themoviedb.org/3/tv/popular?api_key=null"
10:37:25.452 [main] DEBUG o.s.web.client.RestTemplate - Setting request Accept header to [text/plain, application/json, application/*+json, */*]
10:37:25.898 [main] DEBUG o.s.web.client.RestTemplate - GET request for "http://api.themoviedb.org/3/tv/popular?api_key=null" resulted in 401 (Unauthorized); invoking error handler
]]></system-out>
  </testcase>
</testsuite>